<?xml version="1.0" encoding="UTF-8"?>
<!-- Generated by org.testng.reporters.JUnitXMLReporter -->
<testsuite ignored="0" hostname="VishwanathYadav" failures="0" tests="4" name="Test" time="16.842" errors="0" timestamp="2024-04-29T21:47:14 IST">
  <testcase classname="Docker.Test_file" name="m4" time="3.075"/>
  <testcase classname="Docker.Test_file" name="m2" time="4.202"/>
  <testcase classname="Docker.Test_file" name="m1" time="6.292"/>
  <testcase classname="Docker.Test_file" name="m3" time="9.72"/>
</testsuite> <!-- Test -->
