<?xml version="1.0" encoding="UTF-8"?>
<testng-results ignored="0" total="4" passed="4" failed="0" skipped="0">
  <reporter-output>
  </reporter-output>
  <suite started-at="2024-04-29T21:46:57 IST" name="GridSuite" finished-at="2024-04-29T21:47:14 IST" duration-ms="16842">
    <groups>
    </groups>
    <test started-at="2024-04-29T21:46:57 IST" name="Test" finished-at="2024-04-29T21:47:14 IST" duration-ms="16842">
      <class name="Docker.Test_file">
        <test-method is-config="true" signature="setup(java.lang.String)[pri:0, instance:Docker.Test_file@2a7f1f10]" started-at="2024-04-29T21:46:57 IST" name="setup" finished-at="2024-04-29T21:47:04 IST" duration-ms="7090" status="PASS">
          <params>
            <param index="0">
              <value>
                <![CDATA[chrome]]>
              </value>
            </param>
          </params>
          <reporter-output>
          </reporter-output>
        </test-method> <!-- setup -->
        <test-method signature="m3()[pri:0, instance:Docker.Test_file@2a7f1f10]" started-at="2024-04-29T21:47:04 IST" name="m3" finished-at="2024-04-29T21:47:14 IST" duration-ms="9720" status="PASS">
          <reporter-output>
          </reporter-output>
        </test-method> <!-- m3 -->
        <test-method signature="m4()[pri:0, instance:Docker.Test_file@2a7f1f10]" started-at="2024-04-29T21:47:04 IST" name="m4" finished-at="2024-04-29T21:47:07 IST" duration-ms="3075" status="PASS">
          <reporter-output>
          </reporter-output>
        </test-method> <!-- m4 -->
        <test-method signature="m1()[pri:0, instance:Docker.Test_file@2a7f1f10]" started-at="2024-04-29T21:47:04 IST" name="m1" finished-at="2024-04-29T21:47:10 IST" duration-ms="6292" status="PASS">
          <reporter-output>
          </reporter-output>
        </test-method> <!-- m1 -->
        <test-method signature="m2()[pri:0, instance:Docker.Test_file@2a7f1f10]" started-at="2024-04-29T21:47:04 IST" name="m2" finished-at="2024-04-29T21:47:08 IST" duration-ms="4202" status="PASS">
          <reporter-output>
          </reporter-output>
        </test-method> <!-- m2 -->
      </class> <!-- Docker.Test_file -->
    </test> <!-- Test -->
  </suite> <!-- GridSuite -->
</testng-results>
